<?xml version="1.0" encoding="UTF-8"?>
<testsuite name="com.example.test.RequestTest" tests="2" skipped="0" failures="0" errors="0" timestamp="2022-01-22T00:28:56" hostname="Cesars-Mac-mini.local" time="2.563">
  <properties/>
  <testcase name="testWebClient200()" classname="com.example.test.RequestTest" time="2.445"/>
  <testcase name="testHttpClient406()" classname="com.example.test.RequestTest" time="0.118"/>
  <system-out><![CDATA[]]></system-out>
  <system-err><![CDATA[]]></system-err>
</testsuite>
